2022-09-18T15:20:05+00:00 CRITICAL Uncaught W3TC\Util_Environment_Exceptions in /home/djstepanovic/public_html/projekat/wp-content/plugins/w3-total-cache/PgCache_Environment.php:17
Stack trace:
#0 /home/djstepanovic/public_html/projekat/wp-content/plugins/w3-total-cache/SetupGuide_Plugin_Admin.php(261): W3TC\PgCache_Environment->fix_on_wpadmin_request(Object(W3TC\Config), true)
#1 /home/djstepanovic/public_html/projekat/wp-includes/class-wp-hook.php(307): W3TC\SetupGuide_Plugin_Admin->config_pgcache('')
#2 /home/djstepanovic/public_html/projekat/wp-includes/class-wp-hook.php(331): WP_Hook->apply_filters('', Array)
#3 /home/djstepanovic/public_html/projekat/wp-includes/plugin.php(476): WP_Hook->do_action(Array)
#4 /home/djstepanovic/public_html/projekat/wp-admin/admin-ajax.php(187): do_action('wp_ajax_w3tc_co...')
#5 {main}
  thrown in /home/djstepanovic/public_html/projekat/wp-content/plugins/w3-total-cache/PgCache_Environment.php on line 17

2022-09-18T15:20:43+00:00 CRITICAL Uncaught W3TC\Util_Environment_Exceptions in /home/djstepanovic/public_html/projekat/wp-content/plugins/w3-total-cache/PgCache_Environment.php:17
Stack trace:
#0 /home/djstepanovic/public_html/projekat/wp-content/plugins/w3-total-cache/SetupGuide_Plugin_Admin.php(261): W3TC\PgCache_Environment->fix_on_wpadmin_request(Object(W3TC\Config), true)
#1 /home/djstepanovic/public_html/projekat/wp-includes/class-wp-hook.php(307): W3TC\SetupGuide_Plugin_Admin->config_pgcache('')
#2 /home/djstepanovic/public_html/projekat/wp-includes/class-wp-hook.php(331): WP_Hook->apply_filters('', Array)
#3 /home/djstepanovic/public_html/projekat/wp-includes/plugin.php(476): WP_Hook->do_action(Array)
#4 /home/djstepanovic/public_html/projekat/wp-admin/admin-ajax.php(187): do_action('wp_ajax_w3tc_co...')
#5 {main}
  thrown in /home/djstepanovic/public_html/projekat/wp-content/plugins/w3-total-cache/PgCache_Environment.php on line 17

2022-09-18T15:21:30+00:00 CRITICAL Uncaught W3TC\Util_Environment_Exceptions in /home/djstepanovic/public_html/projekat/wp-content/plugins/w3-total-cache/PgCache_Environment.php:17
Stack trace:
#0 /home/djstepanovic/public_html/projekat/wp-content/plugins/w3-total-cache/SetupGuide_Plugin_Admin.php(261): W3TC\PgCache_Environment->fix_on_wpadmin_request(Object(W3TC\Config), true)
#1 /home/djstepanovic/public_html/projekat/wp-includes/class-wp-hook.php(307): W3TC\SetupGuide_Plugin_Admin->config_pgcache('')
#2 /home/djstepanovic/public_html/projekat/wp-includes/class-wp-hook.php(331): WP_Hook->apply_filters('', Array)
#3 /home/djstepanovic/public_html/projekat/wp-includes/plugin.php(476): WP_Hook->do_action(Array)
#4 /home/djstepanovic/public_html/projekat/wp-admin/admin-ajax.php(187): do_action('wp_ajax_w3tc_co...')
#5 {main}
  thrown in /home/djstepanovic/public_html/projekat/wp-content/plugins/w3-total-cache/PgCache_Environment.php on line 17

2022-09-18T15:22:27+00:00 CRITICAL Uncaught W3TC\Util_Environment_Exceptions in /home/djstepanovic/public_html/projekat/wp-content/plugins/w3-total-cache/PgCache_Environment.php:17
Stack trace:
#0 /home/djstepanovic/public_html/projekat/wp-content/plugins/w3-total-cache/SetupGuide_Plugin_Admin.php(261): W3TC\PgCache_Environment->fix_on_wpadmin_request(Object(W3TC\Config), true)
#1 /home/djstepanovic/public_html/projekat/wp-includes/class-wp-hook.php(307): W3TC\SetupGuide_Plugin_Admin->config_pgcache('')
#2 /home/djstepanovic/public_html/projekat/wp-includes/class-wp-hook.php(331): WP_Hook->apply_filters('', Array)
#3 /home/djstepanovic/public_html/projekat/wp-includes/plugin.php(476): WP_Hook->do_action(Array)
#4 /home/djstepanovic/public_html/projekat/wp-admin/admin-ajax.php(187): do_action('wp_ajax_w3tc_co...')
#5 {main}
  thrown in /home/djstepanovic/public_html/projekat/wp-content/plugins/w3-total-cache/PgCache_Environment.php on line 17

2022-09-18T15:24:31+00:00 CRITICAL Uncaught W3TC\Util_Environment_Exceptions in /home/djstepanovic/public_html/projekat/wp-content/plugins/w3-total-cache/PgCache_Environment.php:17
Stack trace:
#0 /home/djstepanovic/public_html/projekat/wp-content/plugins/w3-total-cache/SetupGuide_Plugin_Admin.php(261): W3TC\PgCache_Environment->fix_on_wpadmin_request(Object(W3TC\Config), true)
#1 /home/djstepanovic/public_html/projekat/wp-includes/class-wp-hook.php(307): W3TC\SetupGuide_Plugin_Admin->config_pgcache('')
#2 /home/djstepanovic/public_html/projekat/wp-includes/class-wp-hook.php(331): WP_Hook->apply_filters('', Array)
#3 /home/djstepanovic/public_html/projekat/wp-includes/plugin.php(476): WP_Hook->do_action(Array)
#4 /home/djstepanovic/public_html/projekat/wp-admin/admin-ajax.php(187): do_action('wp_ajax_w3tc_co...')
#5 {main}
  thrown in /home/djstepanovic/public_html/projekat/wp-content/plugins/w3-total-cache/PgCache_Environment.php on line 17

2022-09-18T15:25:27+00:00 CRITICAL Uncaught W3TC\Util_Environment_Exceptions in /home/djstepanovic/public_html/projekat/wp-content/plugins/w3-total-cache/PgCache_Environment.php:17
Stack trace:
#0 /home/djstepanovic/public_html/projekat/wp-content/plugins/w3-total-cache/SetupGuide_Plugin_Admin.php(261): W3TC\PgCache_Environment->fix_on_wpadmin_request(Object(W3TC\Config), true)
#1 /home/djstepanovic/public_html/projekat/wp-includes/class-wp-hook.php(307): W3TC\SetupGuide_Plugin_Admin->config_pgcache('')
#2 /home/djstepanovic/public_html/projekat/wp-includes/class-wp-hook.php(331): WP_Hook->apply_filters('', Array)
#3 /home/djstepanovic/public_html/projekat/wp-includes/plugin.php(476): WP_Hook->do_action(Array)
#4 /home/djstepanovic/public_html/projekat/wp-admin/admin-ajax.php(187): do_action('wp_ajax_w3tc_co...')
#5 {main}
  thrown in /home/djstepanovic/public_html/projekat/wp-content/plugins/w3-total-cache/PgCache_Environment.php on line 17

2022-09-18T15:28:40+00:00 CRITICAL Uncaught W3TC\Util_Environment_Exceptions in /home/djstepanovic/public_html/projekat/wp-content/plugins/w3-total-cache/PgCache_Environment.php:17
Stack trace:
#0 /home/djstepanovic/public_html/projekat/wp-content/plugins/w3-total-cache/SetupGuide_Plugin_Admin.php(261): W3TC\PgCache_Environment->fix_on_wpadmin_request(Object(W3TC\Config), true)
#1 /home/djstepanovic/public_html/projekat/wp-includes/class-wp-hook.php(307): W3TC\SetupGuide_Plugin_Admin->config_pgcache('')
#2 /home/djstepanovic/public_html/projekat/wp-includes/class-wp-hook.php(331): WP_Hook->apply_filters('', Array)
#3 /home/djstepanovic/public_html/projekat/wp-includes/plugin.php(476): WP_Hook->do_action(Array)
#4 /home/djstepanovic/public_html/projekat/wp-admin/admin-ajax.php(187): do_action('wp_ajax_w3tc_co...')
#5 {main}
  thrown in /home/djstepanovic/public_html/projekat/wp-content/plugins/w3-total-cache/PgCache_Environment.php on line 17

2022-09-18T15:37:36+00:00 CRITICAL Uncaught W3TC\Util_Environment_Exceptions in /home/djstepanovic/public_html/projekat/wp-content/plugins/w3-total-cache/PgCache_Environment.php:17
Stack trace:
#0 /home/djstepanovic/public_html/projekat/wp-content/plugins/w3-total-cache/SetupGuide_Plugin_Admin.php(261): W3TC\PgCache_Environment->fix_on_wpadmin_request(Object(W3TC\Config), true)
#1 /home/djstepanovic/public_html/projekat/wp-includes/class-wp-hook.php(307): W3TC\SetupGuide_Plugin_Admin->config_pgcache('')
#2 /home/djstepanovic/public_html/projekat/wp-includes/class-wp-hook.php(331): WP_Hook->apply_filters('', Array)
#3 /home/djstepanovic/public_html/projekat/wp-includes/plugin.php(476): WP_Hook->do_action(Array)
#4 /home/djstepanovic/public_html/projekat/wp-admin/admin-ajax.php(187): do_action('wp_ajax_w3tc_co...')
#5 {main}
  thrown in /home/djstepanovic/public_html/projekat/wp-content/plugins/w3-total-cache/PgCache_Environment.php on line 17

2022-09-18T15:38:14+00:00 CRITICAL Uncaught W3TC\Util_Environment_Exceptions in /home/djstepanovic/public_html/projekat/wp-content/plugins/w3-total-cache/PgCache_Environment.php:17
Stack trace:
#0 /home/djstepanovic/public_html/projekat/wp-content/plugins/w3-total-cache/SetupGuide_Plugin_Admin.php(261): W3TC\PgCache_Environment->fix_on_wpadmin_request(Object(W3TC\Config), true)
#1 /home/djstepanovic/public_html/projekat/wp-includes/class-wp-hook.php(307): W3TC\SetupGuide_Plugin_Admin->config_pgcache('')
#2 /home/djstepanovic/public_html/projekat/wp-includes/class-wp-hook.php(331): WP_Hook->apply_filters('', Array)
#3 /home/djstepanovic/public_html/projekat/wp-includes/plugin.php(476): WP_Hook->do_action(Array)
#4 /home/djstepanovic/public_html/projekat/wp-admin/admin-ajax.php(187): do_action('wp_ajax_w3tc_co...')
#5 {main}
  thrown in /home/djstepanovic/public_html/projekat/wp-content/plugins/w3-total-cache/PgCache_Environment.php on line 17

2022-09-18T15:46:53+00:00 CRITICAL Uncaught W3TC\Util_Environment_Exceptions in /home/djstepanovic/public_html/projekat/wp-content/plugins/w3-total-cache/PgCache_Environment.php:17
Stack trace:
#0 /home/djstepanovic/public_html/projekat/wp-content/plugins/w3-total-cache/SetupGuide_Plugin_Admin.php(261): W3TC\PgCache_Environment->fix_on_wpadmin_request(Object(W3TC\Config), true)
#1 /home/djstepanovic/public_html/projekat/wp-includes/class-wp-hook.php(307): W3TC\SetupGuide_Plugin_Admin->config_pgcache('')
#2 /home/djstepanovic/public_html/projekat/wp-includes/class-wp-hook.php(331): WP_Hook->apply_filters('', Array)
#3 /home/djstepanovic/public_html/projekat/wp-includes/plugin.php(476): WP_Hook->do_action(Array)
#4 /home/djstepanovic/public_html/projekat/wp-admin/admin-ajax.php(187): do_action('wp_ajax_w3tc_co...')
#5 {main}
  thrown in /home/djstepanovic/public_html/projekat/wp-content/plugins/w3-total-cache/PgCache_Environment.php on line 17

2022-09-18T16:03:18+00:00 CRITICAL Uncaught Error: Attempt to assign property "api_url" on null in /home/djstepanovic/public_html/projekat/wp-content/plugins/shortpixel-adaptive-images/includes/actions/page.actions.class.php:52
Stack trace:
#0 [internal function]: ShortPixel\AI\Page\Actions::handleSettings(Array)
#1 /home/djstepanovic/public_html/projekat/wp-content/plugins/shortpixel-adaptive-images/includes/actions/page.actions.class.php(31): call_user_func(Array, Array)
#2 /home/djstepanovic/public_html/projekat/wp-includes/class-wp-hook.php(307): ShortPixel\AI\Page\Actions::handle('')
#3 /home/djstepanovic/public_html/projekat/wp-includes/class-wp-hook.php(331): WP_Hook->apply_filters('', Array)
#4 /home/djstepanovic/public_html/projekat/wp-includes/plugin.php(476): WP_Hook->do_action(Array)
#5 /home/djstepanovic/public_html/projekat/wp-admin/admin-ajax.php(187): do_action('wp_ajax_shortpi...')
#6 {main}
  thrown in /home/djstepanovic/public_html/projekat/wp-content/plugins/shortpixel-adaptive-images/includes/actions/page.actions.class.php on line 52

2022-09-18T16:12:39+00:00 CRITICAL Uncaught W3TC\Util_Environment_Exceptions in /home/djstepanovic/public_html/projekat/wp-content/plugins/w3-total-cache/PgCache_Environment.php:17
Stack trace:
#0 /home/djstepanovic/public_html/projekat/wp-content/plugins/w3-total-cache/SetupGuide_Plugin_Admin.php(261): W3TC\PgCache_Environment->fix_on_wpadmin_request(Object(W3TC\Config), true)
#1 /home/djstepanovic/public_html/projekat/wp-includes/class-wp-hook.php(307): W3TC\SetupGuide_Plugin_Admin->config_pgcache('')
#2 /home/djstepanovic/public_html/projekat/wp-includes/class-wp-hook.php(331): WP_Hook->apply_filters('', Array)
#3 /home/djstepanovic/public_html/projekat/wp-includes/plugin.php(476): WP_Hook->do_action(Array)
#4 /home/djstepanovic/public_html/projekat/wp-admin/admin-ajax.php(187): do_action('wp_ajax_w3tc_co...')
#5 {main}
  thrown in /home/djstepanovic/public_html/projekat/wp-content/plugins/w3-total-cache/PgCache_Environment.php on line 17

2022-09-18T17:00:38+00:00 CRITICAL Uncaught Error: Attempt to assign property "api_url" on null in /home/djstepanovic/public_html/projekat/wp-content/plugins/shortpixel-adaptive-images/includes/actions/page.actions.class.php:52
Stack trace:
#0 [internal function]: ShortPixel\AI\Page\Actions::handleSettings(Array)
#1 /home/djstepanovic/public_html/projekat/wp-content/plugins/shortpixel-adaptive-images/includes/actions/page.actions.class.php(31): call_user_func(Array, Array)
#2 /home/djstepanovic/public_html/projekat/wp-includes/class-wp-hook.php(307): ShortPixel\AI\Page\Actions::handle('')
#3 /home/djstepanovic/public_html/projekat/wp-includes/class-wp-hook.php(331): WP_Hook->apply_filters('', Array)
#4 /home/djstepanovic/public_html/projekat/wp-includes/plugin.php(476): WP_Hook->do_action(Array)
#5 /home/djstepanovic/public_html/projekat/wp-admin/admin-ajax.php(187): do_action('wp_ajax_shortpi...')
#6 {main}
  thrown in /home/djstepanovic/public_html/projekat/wp-content/plugins/shortpixel-adaptive-images/includes/actions/page.actions.class.php on line 52

2022-09-18T20:45:53+00:00 CRITICAL Allowed memory size of 134217728 bytes exhausted (tried to allocate 1392640 bytes) in /home/djstepanovic/public_html/projekat/wp-content/themes/astra/assets/svg/svgs.json on line 1

2022-09-18T20:59:11+00:00 CRITICAL Allowed memory size of 134217728 bytes exhausted (tried to allocate 1392640 bytes) in /home/djstepanovic/public_html/projekat/wp-content/themes/astra/assets/svg/svgs.json on line 1

2022-09-18T20:59:16+00:00 CRITICAL Allowed memory size of 134217728 bytes exhausted (tried to allocate 1392640 bytes) in /home/djstepanovic/public_html/projekat/wp-content/themes/astra/assets/svg/svgs.json on line 1

